mode: atomic
/Users/bowensi/data/github/go-trie-tree/TreeManager.go:7.35,9.2 1 0
/Users/bowensi/data/github/go-trie-tree/TreeManager.go:11.51,12.20 1 0
/Users/bowensi/data/github/go-trie-tree/TreeManager.go:15.2,15.26 1 0
/Users/bowensi/data/github/go-trie-tree/TreeManager.go:18.2,22.57 5 0
/Users/bowensi/data/github/go-trie-tree/TreeManager.go:49.2,49.13 1 0
/Users/bowensi/data/github/go-trie-tree/TreeManager.go:12.20,14.3 1 0
/Users/bowensi/data/github/go-trie-tree/TreeManager.go:15.26,17.3 1 0
/Users/bowensi/data/github/go-trie-tree/TreeManager.go:22.57,26.47 2 0
/Users/bowensi/data/github/go-trie-tree/TreeManager.go:26.47,28.38 1 0
/Users/bowensi/data/github/go-trie-tree/TreeManager.go:32.4,32.35 1 0
/Users/bowensi/data/github/go-trie-tree/TreeManager.go:28.38,31.5 1 0
/Users/bowensi/data/github/go-trie-tree/TreeManager.go:33.9,38.38 2 0
/Users/bowensi/data/github/go-trie-tree/TreeManager.go:43.4,45.25 3 0
/Users/bowensi/data/github/go-trie-tree/TreeManager.go:38.38,40.5 1 0
/Users/bowensi/data/github/go-trie-tree/TreeManager.go:40.10,42.5 1 0
/Users/bowensi/data/github/go-trie-tree/TreeManager.go:52.49,54.2 1 0
/Users/bowensi/data/github/go-trie-tree/TreeManager.go:59.67,60.24 1 0
/Users/bowensi/data/github/go-trie-tree/TreeManager.go:63.2,63.26 1 0
/Users/bowensi/data/github/go-trie-tree/TreeManager.go:67.2,69.72 3 0
/Users/bowensi/data/github/go-trie-tree/TreeManager.go:79.2,79.8 1 0
/Users/bowensi/data/github/go-trie-tree/TreeManager.go:60.24,62.3 1 0
/Users/bowensi/data/github/go-trie-tree/TreeManager.go:63.26,66.3 2 0
/Users/bowensi/data/github/go-trie-tree/TreeManager.go:69.72,70.84 1 0
/Users/bowensi/data/github/go-trie-tree/TreeManager.go:70.84,73.55 2 0
/Users/bowensi/data/github/go-trie-tree/TreeManager.go:73.55,75.5 1 0
/Users/bowensi/data/github/go-trie-tree/TreeManager.go:82.75,83.23 1 0
/Users/bowensi/data/github/go-trie-tree/TreeManager.go:87.2,87.26 1 0
/Users/bowensi/data/github/go-trie-tree/TreeManager.go:92.2,95.57 3 0
/Users/bowensi/data/github/go-trie-tree/TreeManager.go:107.2,108.8 2 0
/Users/bowensi/data/github/go-trie-tree/TreeManager.go:83.23,86.3 2 0
/Users/bowensi/data/github/go-trie-tree/TreeManager.go:87.26,91.3 3 0
/Users/bowensi/data/github/go-trie-tree/TreeManager.go:95.57,96.58 1 0
/Users/bowensi/data/github/go-trie-tree/TreeManager.go:96.58,98.76 2 0
/Users/bowensi/data/github/go-trie-tree/TreeManager.go:102.4,102.46 1 0
/Users/bowensi/data/github/go-trie-tree/TreeManager.go:98.76,101.5 2 0
/Users/bowensi/data/github/go-trie-tree/TreeManager.go:103.9,104.9 1 0
/Users/bowensi/data/github/go-trie-tree/TreeManager.go:115.51,116.20 1 0
/Users/bowensi/data/github/go-trie-tree/TreeManager.go:119.2,119.26 1 0
/Users/bowensi/data/github/go-trie-tree/TreeManager.go:123.2,127.57 5 0
/Users/bowensi/data/github/go-trie-tree/TreeManager.go:138.2,138.13 1 0
/Users/bowensi/data/github/go-trie-tree/TreeManager.go:116.20,118.3 1 0
/Users/bowensi/data/github/go-trie-tree/TreeManager.go:119.26,122.3 2 0
/Users/bowensi/data/github/go-trie-tree/TreeManager.go:127.57,131.47 2 0
/Users/bowensi/data/github/go-trie-tree/TreeManager.go:131.47,132.34 1 0
/Users/bowensi/data/github/go-trie-tree/TreeManager.go:135.4,135.35 1 0
/Users/bowensi/data/github/go-trie-tree/TreeManager.go:132.34,134.5 1 0
/Users/bowensi/data/github/go-trie-tree/TreeManager.go:144.74,145.20 1 0
/Users/bowensi/data/github/go-trie-tree/TreeManager.go:148.2,148.26 1 0
/Users/bowensi/data/github/go-trie-tree/TreeManager.go:152.2,157.57 6 0
/Users/bowensi/data/github/go-trie-tree/TreeManager.go:177.2,177.8 1 0
/Users/bowensi/data/github/go-trie-tree/TreeManager.go:145.20,147.3 1 0
/Users/bowensi/data/github/go-trie-tree/TreeManager.go:148.26,151.3 2 0
/Users/bowensi/data/github/go-trie-tree/TreeManager.go:157.57,159.44 2 0
/Users/bowensi/data/github/go-trie-tree/TreeManager.go:159.44,162.34 2 0
/Users/bowensi/data/github/go-trie-tree/TreeManager.go:171.4,171.32 1 0
/Users/bowensi/data/github/go-trie-tree/TreeManager.go:162.34,165.33 1 0
/Users/bowensi/data/github/go-trie-tree/TreeManager.go:168.5,169.11 2 0
/Users/bowensi/data/github/go-trie-tree/TreeManager.go:165.33,167.6 1 0
/Users/bowensi/data/github/go-trie-tree/TreeManager.go:172.9,174.4 1 0
/Users/bowensi/data/github/go-trie-tree/TreeManager.go:184.103,185.43 1 0
/Users/bowensi/data/github/go-trie-tree/TreeManager.go:185.43,186.17 1 0
/Users/bowensi/data/github/go-trie-tree/TreeManager.go:191.3,191.70 1 0
/Users/bowensi/data/github/go-trie-tree/TreeManager.go:186.17,189.4 1 0
